<?xml version="1.0" encoding="UTF-8"?>
<testng-results ignored="0" total="1" passed="1" failed="0" skipped="0">
  <reporter-output>
  </reporter-output>
  <suite started-at="2022-12-06T13:01:54 IST" name="LoginPageTest" finished-at="2022-12-06T13:02:08 IST" duration-ms="14278">
    <groups>
    </groups>
    <test started-at="2022-12-06T13:01:54 IST" name="ChromeTest" finished-at="2022-12-06T13:02:08 IST" duration-ms="14278">
      <class name="testCases.LoginPageTest">
        <test-method is-config="true" signature="launchBrowser(java.lang.String)[pri:0, instance:testCases.LoginPageTest@1aa7ecca]" started-at="2022-12-06T13:01:54 IST" name="launchBrowser" finished-at="2022-12-06T13:01:57 IST" duration-ms="3632" status="PASS">
          <params>
            <param index="0">
              <value>
                <![CDATA[Chrome]]>
              </value>
            </param>
          </params>
          <reporter-output>
          </reporter-output>
        </test-method> <!-- launchBrowser -->
        <test-method is-config="true" signature="createPOMObjects()[pri:0, instance:testCases.LoginPageTest@1aa7ecca]" started-at="2022-12-06T13:01:58 IST" name="createPOMObjects" finished-at="2022-12-06T13:01:58 IST" duration-ms="69" status="PASS">
          <reporter-output>
          </reporter-output>
        </test-method> <!-- createPOMObjects -->
        <test-method is-config="true" signature="launchApplication()[pri:0, instance:testCases.LoginPageTest@1aa7ecca]" started-at="2022-12-06T13:01:58 IST" name="launchApplication" finished-at="2022-12-06T13:02:05 IST" duration-ms="7411" status="PASS">
          <reporter-output>
          </reporter-output>
        </test-method> <!-- launchApplication -->
        <test-method signature="loginTest()[pri:0, instance:testCases.LoginPageTest@1aa7ecca]" started-at="2022-12-06T13:02:05 IST" name="loginTest" finished-at="2022-12-06T13:02:08 IST" duration-ms="2802" status="PASS">
          <reporter-output>
          </reporter-output>
        </test-method> <!-- loginTest -->
        <test-method is-config="true" signature="logoutFromApplication(org.testng.ITestResult)[pri:0, instance:testCases.LoginPageTest@1aa7ecca]" started-at="2022-12-06T13:02:08 IST" name="logoutFromApplication" finished-at="2022-12-06T13:02:08 IST" duration-ms="2" status="PASS">
          <params>
            <param index="0">
              <value>
                <![CDATA[[TestResult name=loginTest status=SUCCESS method=LoginPageTest.loginTest()[pri:0, instance:testCases.LoginPageTest@1aa7ecca] output={null}]]]>
              </value>
            </param>
          </params>
          <reporter-output>
          </reporter-output>
        </test-method> <!-- logoutFromApplication -->
        <test-method is-config="true" signature="clearObjects()[pri:0, instance:testCases.LoginPageTest@1aa7ecca]" started-at="2022-12-06T13:02:08 IST" name="clearObjects" finished-at="2022-12-06T13:02:08 IST" duration-ms="1" status="PASS">
          <reporter-output>
          </reporter-output>
        </test-method> <!-- clearObjects -->
        <test-method is-config="true" signature="closeBrowser()[pri:0, instance:testCases.LoginPageTest@1aa7ecca]" started-at="2022-12-06T13:02:08 IST" name="closeBrowser" finished-at="2022-12-06T13:02:08 IST" duration-ms="282" status="PASS">
          <reporter-output>
          </reporter-output>
        </test-method> <!-- closeBrowser -->
      </class> <!-- testCases.LoginPageTest -->
    </test> <!-- ChromeTest -->
  </suite> <!-- LoginPageTest -->
</testng-results>
